#
# There is insufficient memory for the Java Runtime Environment to continue.
# Native memory allocation (mmap) failed to map 127926272 bytes for Failed to commit area from 0x0000000086800000 to 0x000000008e200000 of length 127926272.
# Possible reasons:
#   The system is out of physical RAM or swap space
#   The process is running with CompressedOops enabled, and the Java Heap may be blocking the growth of the native heap
# Possible solutions:
#   Reduce memory load on the system
#   Increase physical memory or swap space
#   Check if swap backing store is full
#   Decrease Java heap size (-Xmx/-Xms)
#   Decrease number of Java threads
#   Decrease Java thread stack sizes (-Xss)
#   Set larger code cache with -XX:ReservedCodeCacheSize=
# This output file may be truncated or incomplete.
#
#  Out of Memory Error (./open/src/hotspot/os/windows/os_windows.cpp:3273), pid=11176, tid=2776
#
# JRE version:  (11.0.10+8) (build )
# Java VM: Java HotSpot(TM) 64-Bit Server VM (11.0.10+8-LTS-162, mixed mode, sharing, tiered, compressed oops, g1 gc, windows-amd64)
# No core dump will be written. Minidumps are not enabled by default on client versions of Windows
#

---------------  S U M M A R Y ------------

Command Line: -ea -Dfile.encoding=Cp1252 org.testng.remote.RemoteTestNG -serport 53833 -protocol json -d C:\Users\Dragan\Desktop\iohk\java-appium-app-browserstack-master\java_8\test-output C:\Users\Dragan\AppData\Local\Temp\testng-eclipse-2146764575\testng-customsuite.xml

Host: Intel(R) Celeron(R) CPU 1005M @ 1.90GHz, 2 cores, 7G,  Windows 8.1 , 64 bit Build 9600 (6.3.9600.19538)
Time: Wed Aug 24 12:24:29 2022 Central Europe Daylight Time elapsed time: 0.249736 seconds (0d 0h 0m 0s)

---------------  T H R E A D  ---------------

Current thread (0x000000ba0f237800):  JavaThread "Unknown thread" [_thread_in_vm, id=2776, stack(0x000000ba0d080000,0x000000ba0d180000)]

Stack: [0x000000ba0d080000,0x000000ba0d180000]
Native frames: (J=compiled Java code, j=interpreted, Vv=VM code, C=native code)
V  [jvm.dll+0x613e6a]
V  [jvm.dll+0x74c1ff]
V  [jvm.dll+0x74d885]
V  [jvm.dll+0x74df03]
V  [jvm.dll+0x243b78]
V  [jvm.dll+0x61125a]
V  [jvm.dll+0x606165]
V  [jvm.dll+0x2f85fc]
V  [jvm.dll+0x2f8482]
V  [jvm.dll+0x2fd136]
V  [jvm.dll+0x33f6bf]
V  [jvm.dll+0x33f0f0]
V  [jvm.dll+0x2d5d08]
V  [jvm.dll+0x2d6e66]
V  [jvm.dll+0x727d17]
V  [jvm.dll+0x7295bf]
V  [jvm.dll+0x34c4a9]
V  [jvm.dll+0x70d6b0]
V  [jvm.dll+0x3b584f]
V  [jvm.dll+0x3b7951]
C  [jli.dll+0x520b]
C  [ucrtbase.DLL+0x1d912]
C  [KERNEL32.DLL+0x13d2]
C  [ntdll.dll+0x154f4]


---------------  P R O C E S S  ---------------

Threads class SMR info:
_java_thread_list=0x000000ba0d1a29f0, length=0, elements={
}

Java Threads: ( => current thread )

Other Threads:
  0x000000ba0f24d000 GCTaskThread "GC Thread#0" [stack: 0x000000ba0ebc0000,0x000000ba0ecc0000] [id=12760]
  0x000000ba0f27b000 ConcurrentGCThread "G1 Main Marker" [stack: 0x000000ba0ef30000,0x000000ba0f030000] [id=9440]
  0x000000ba0f27d800 ConcurrentGCThread "G1 Conc#0" [stack: 0x000000ba0f030000,0x000000ba0f130000] [id=184]

[error occurred during error reporting (printing all threads), id 0xc0000005, EXCEPTION_ACCESS_VIOLATION (0xc0000005) at pc=0x00007ffd5b1b4f57]

VM state:not at safepoint (not fully initialized)

VM Mutex/Monitor currently owned by a thread:  ([mutex/lock_event])
[0x000000ba0f236410] Heap_lock - owner thread: 0x000000ba0f237800

Heap address: 0x0000000086800000, size: 1944 MB, Compressed Oops mode: Non-zero based: 0x0000000086800000
Narrow klass base: 0x0000000000000000, Narrow klass shift: 0

GC Heap History (0 events):
No events

Deoptimization events (0 events):
No events

Classes redefined (0 events):
No events

Internal exceptions (0 events):
No events

Events (0 events):
No events


Dynamic libraries:
0x00007ff668d80000 - 0x00007ff668d8f000 	E:\Program Files\Java\jdk-11.0.10\bin\javaw.exe
0x00007ffd9c190000 - 0x00007ffd9c33d000 	C:\WINDOWS\SYSTEM32\ntdll.dll
0x00007ffd99940000 - 0x00007ffd99a7f000 	C:\WINDOWS\system32\KERNEL32.DLL
0x00007ffd993e0000 - 0x00007ffd994f6000 	C:\WINDOWS\system32\KERNELBASE.dll
0x00007ffd8c3e0000 - 0x00007ffd8c3f8000 	E:\Program Files\Java\jdk-11.0.10\bin\jli.dll
0x00007ffd8c020000 - 0x00007ffd8c035000 	E:\Program Files\Java\jdk-11.0.10\bin\VCRUNTIME140.dll
0x00007ffd8c580000 - 0x00007ffd8c584000 	E:\Program Files\Java\jdk-11.0.10\bin\api-ms-win-crt-stdio-l1-1-0.dll
0x00007ffd8c550000 - 0x00007ffd8c554000 	E:\Program Files\Java\jdk-11.0.10\bin\api-ms-win-crt-runtime-l1-1-0.dll
0x00007ffd8c320000 - 0x00007ffd8c323000 	E:\Program Files\Java\jdk-11.0.10\bin\api-ms-win-crt-environment-l1-1-0.dll
0x00007ffd8c220000 - 0x00007ffd8c225000 	E:\Program Files\Java\jdk-11.0.10\bin\api-ms-win-crt-math-l1-1-0.dll
0x00007ffd8c0c0000 - 0x00007ffd8c0c3000 	E:\Program Files\Java\jdk-11.0.10\bin\api-ms-win-crt-locale-l1-1-0.dll
0x00007ffd8bdc0000 - 0x00007ffd8bdc3000 	E:\Program Files\Java\jdk-11.0.10\bin\api-ms-win-crt-heap-l1-1-0.dll
0x00007ffd99890000 - 0x00007ffd9993a000 	C:\WINDOWS\system32\ADVAPI32.dll
0x00007ffd96fb0000 - 0x00007ffd9722b000 	C:\WINDOWS\WinSxS\amd64_microsoft.windows.common-controls_6595b64144ccf1df_6.0.9600.19394_none_62486577ecb635cf\COMCTL32.dll
0x00007ffd9bb10000 - 0x00007ffd9bc87000 	C:\WINDOWS\system32\USER32.dll
0x00007ffd964f0000 - 0x00007ffd964fa000 	C:\WINDOWS\SYSTEM32\VERSION.dll
0x00007ffd8bdb0000 - 0x00007ffd8bdb3000 	E:\Program Files\Java\jdk-11.0.10\bin\api-ms-win-crt-filesystem-l1-1-0.dll
0x00007ffd8bda0000 - 0x00007ffd8bda4000 	E:\Program Files\Java\jdk-11.0.10\bin\api-ms-win-crt-string-l1-1-0.dll
0x00007ffd8bb90000 - 0x00007ffd8bb94000 	E:\Program Files\Java\jdk-11.0.10\bin\api-ms-win-crt-convert-l1-1-0.dll
0x00007ffd9ba60000 - 0x00007ffd9bb0a000 	C:\WINDOWS\system32\msvcrt.dll
0x00007ffd99820000 - 0x00007ffd99879000 	C:\WINDOWS\SYSTEM32\sechost.dll
0x00007ffd9bff0000 - 0x00007ffd9c130000 	C:\WINDOWS\system32\RPCRT4.dll
0x00007ffd9b850000 - 0x00007ffd9b99c000 	C:\WINDOWS\system32\GDI32.dll
0x00007ffd6eb00000 - 0x00007ffd6ebfa000 	E:\Program Files\Java\jdk-11.0.10\bin\ucrtbase.DLL
0x00007ffd99500000 - 0x00007ffd9952e000 	C:\WINDOWS\system32\SspiCli.dll
0x00007ffd99be0000 - 0x00007ffd99c16000 	C:\WINDOWS\system32\IMM32.DLL
0x00007ffd99a80000 - 0x00007ffd99bd2000 	C:\WINDOWS\system32\MSCTF.dll
0x00007ffd662b0000 - 0x00007ffd6634b000 	E:\Program Files\Java\jdk-11.0.10\bin\msvcp140.dll
0x00007ffd8bae0000 - 0x00007ffd8bae3000 	E:\Program Files\Java\jdk-11.0.10\bin\api-ms-win-crt-time-l1-1-0.dll
0x00007ffd8bad0000 - 0x00007ffd8bad3000 	E:\Program Files\Java\jdk-11.0.10\bin\api-ms-win-crt-utility-l1-1-0.dll
0x00007ffd5aed0000 - 0x00007ffd5b9cb000 	E:\Program Files\Java\jdk-11.0.10\bin\server\jvm.dll
0x00007ffd93040000 - 0x00007ffd93049000 	C:\WINDOWS\SYSTEM32\WSOCK32.dll
0x00007ffd8af50000 - 0x00007ffd8af72000 	C:\WINDOWS\SYSTEM32\WINMM.dll
0x00007ffd9b840000 - 0x00007ffd9b847000 	C:\WINDOWS\system32\PSAPI.DLL
0x00007ffd9b7e0000 - 0x00007ffd9b83a000 	C:\WINDOWS\system32\WS2_32.dll
0x00007ffd8aed0000 - 0x00007ffd8aefa000 	C:\WINDOWS\SYSTEM32\WINMMBASE.dll
0x00007ffd9b440000 - 0x00007ffd9b449000 	C:\WINDOWS\system32\NSI.dll
0x00007ffd99390000 - 0x00007ffd993df000 	C:\WINDOWS\SYSTEM32\cfgmgr32.dll
0x00007ffd980d0000 - 0x00007ffd980f8000 	C:\WINDOWS\SYSTEM32\DEVOBJ.dll
0x00007ffd8bac0000 - 0x00007ffd8bad0000 	E:\Program Files\Java\jdk-11.0.10\bin\verify.dll
0x00007ffd94a40000 - 0x00007ffd94bc9000 	C:\WINDOWS\SYSTEM32\DBGHELP.DLL
0x00007ffd88760000 - 0x00007ffd88788000 	E:\Program Files\Java\jdk-11.0.10\bin\java.dll
0x00007ffd8bab0000 - 0x00007ffd8baba000 	E:\Program Files\Java\jdk-11.0.10\bin\jimage.dll
0x00007ffd8b830000 - 0x00007ffd8b846000 	E:\Program Files\Java\jdk-11.0.10\bin\zip.dll

dbghelp: loaded successfully - version: 4.0.5 - missing functions: none
symbol engine: initialized successfully - sym options: 0x614 - pdb path: .;E:\Program Files\Java\jdk-11.0.10\bin;C:\WINDOWS\SYSTEM32;C:\WINDOWS\WinSxS\amd64_microsoft.windows.common-controls_6595b64144ccf1df_6.0.9600.19394_none_62486577ecb635cf;E:\Program Files\Java\jdk-11.0.10\bin\server

VM Arguments:
jvm_args: -ea -Dfile.encoding=Cp1252 
java_command: org.testng.remote.RemoteTestNG -serport 53833 -protocol json -d C:\Users\Dragan\Desktop\iohk\java-appium-app-browserstack-master\java_8\test-output C:\Users\Dragan\AppData\Local\Temp\testng-eclipse-2146764575\testng-customsuite.xml
java_class_path (initial): C:\Users\Dragan\eclipse\java-2020-12\eclipse\configuration\org.eclipse.osgi\441\0\.cp\lib\testng-remote.jar;C:\Users\Dragan\Desktop\iohk\java-appium-app-browserstack-master\java_8\target\test-classes;C:\Users\Dragan\Desktop\iohk\java-appium-app-browserstack-master\java_8\target\classes;C:\Users\Dragan\.p2\pool\plugins\org.testng_7.3.0.r202008060316.jar;C:\Users\Dragan\.p2\pool\plugins\com.beust.jcommander_1.78.0.jar;C:\Users\Dragan\.p2\pool\plugins\org.apache-extras.beanshell.bsh_2.0.0.b6.jar;C:\Users\Dragan\.p2\pool\plugins\org.yaml.snakeyaml_1.21.0.jar;C:\Users\Dragan\.m2\repository\commons-io\commons-io\1.3.2\commons-io-1.3.2.jar;C:\Users\Dragan\.m2\repository\io\appium\java-client\7.5.0\java-client-7.5.0.jar;C:\Users\Dragan\.m2\repository\org\seleniumhq\selenium\selenium-support\3.141.59\selenium-support-3.141.59.jar;C:\Users\Dragan\.m2\repository\org\seleniumhq\selenium\selenium-api\3.141.59\selenium-api-3.141.59.jar;C:\Users\Dragan\.m2\repository\com\google\code\gson\gson\2.8.6\gson-2.8.6.jar;C:\Users\Dragan\.m2\repository\org\apache\httpcomponents\httpclient\4.5.13\httpclient-4.5.13.jar;C:\Users\Dragan\.m2\repository\org\apache\httpcomponents\httpcore\4.4.13\httpcore-4.4.13.jar;C:\Users\Dragan\.m2\repository\commons-logging\commons-logging\1.2\commons-logging-1.2.jar;C:\Users\Dragan\.m2\repository\commons-codec\commons-codec\1.11\commons-codec-1.11.jar;C:\Users\Dragan\.m2\repository\cglib\cglib\3.3.0\cglib-3.3.0.jar;C:\Users\Dragan\.m2\repository\org\ow2\asm\asm\7.1\asm-7.1.jar;C:\Users\Dragan\.m2\repository\commons-validator\commons-validator\1.7\commons-validator-1.7.jar;C:\Users\Dragan\.m2\repository\commons-beanutils\commons-beanutils\1.9.4\commons-beanutils-1.9.4.jar;C:\Users\Dragan\.m2\repository\commons-digester\commons-digester\2.1\commons-digester-2.1.jar;C:\Users\Dragan\.m2\repository\commons-collections\commons-collections\3.2.2\commons-collections-3.2.2.jar;C:\Users\Dragan\.m2\repository\org\apache\commons\commons-lang
Launcher Type: SUN_STANDARD

[Global flags]
     intx CICompilerCount                          = 2                                         {product} {ergonomic}
     uint ConcGCThreads                            = 1                                         {product} {ergonomic}
     uint G1ConcRefinementThreads                  = 2                                         {product} {ergonomic}
   size_t G1HeapRegionSize                         = 1048576                                   {product} {ergonomic}
    uintx GCDrainStackTargetSize                   = 64                                        {product} {ergonomic}
   size_t InitialHeapSize                          = 127926272                                 {product} {ergonomic}
   size_t MarkStackSize                            = 4194304                                   {product} {ergonomic}
   size_t MaxHeapSize                              = 2038431744                                {product} {ergonomic}
   size_t MinHeapDeltaBytes                        = 1048576                                   {product} {ergonomic}
    uintx NonNMethodCodeHeapSize                   = 5825164                                {pd product} {ergonomic}
    uintx NonProfiledCodeHeapSize                  = 122916538                              {pd product} {ergonomic}
    uintx ProfiledCodeHeapSize                     = 122916538                              {pd product} {ergonomic}
    uintx ReservedCodeCacheSize                    = 251658240                              {pd product} {ergonomic}
     bool SegmentedCodeCache                       = true                                      {product} {ergonomic}
     bool UseCompressedClassPointers               = true                                 {lp64_product} {ergonomic}
     bool UseCompressedOops                        = true                                 {lp64_product} {ergonomic}
     bool UseG1GC                                  = true                                      {product} {ergonomic}
     bool UseLargePagesIndividualAllocation        = false                                  {pd product} {ergonomic}

Logging:
Log output configuration:
 #0: stdout all=warning uptime,level,tags
 #1: stderr all=off uptime,level,tags

Environment Variables:
JAVA_HOME=C:\Program Files\Android\Jdk\microsoft_dist_openjdk_1.8.0.25
PATH=C:\Program Files\Common Files\Oracle\Java\javapath;C:\ProgramData\Oracle\Java\javapath;C:\WINDOWS\system32;C:\WINDOWS;C:\WINDOWS\System32\Wbem;C:\WINDOWS\System32\WindowsPowerShell\v1.0\;C:\Users\MarijaMa;c:\Program Files\Microsoft SQL Server\110\Tools\Binn\;C:\Program Files (x86)\Windows Kits\8.1\Windows Performance Toolkit\;C:\Program Files (x86)\Microsoft ASP.NET\ASP.NET Web Pages\v1.0\;C:\Program Files\Microsoft\Web Platform Installer\;C:\Program Files\Microsoft SQL Server\Client SDK\ODBC\110\Tools\Binn\;C:\Program Files (x86)\Microsoft SDKs\TypeScript\1.0\;C:\Users\Dragan\.dnx\bin;C:\Program Files\Microsoft DNX\Dnvm\;C:\Program Files (x86)\Microsoft SDKs\Azure\CLI\wbin;C:\Users\Dragan\AppData\Local\Programs\Python\Python36-32\Scripts;C:\Users\Dragan\AppData\Local\Programs\Python\Python36-32;E:\selenium\gecko;C:\Users\MarijaMasa\Music\ie;C:\Program Files\Microsoft SQL Server\Client SDK\ODBC\130\Tools\Binn\;C:\Program Files (x86)\Microsoft SQL Server\140\Tools\Binn\;C:\Program Files\Microsoft SQL Server\140\Tools\Binn\;C:\Program Files\Microsoft SQL Server\140\DTS\Binn\;C:\Program Files (x86)\Microsoft SQL Server\110\Tools\Binn\ManagementStudio\;C:\Program Files (x86)\Microsoft SQL Server\110\Tools\Binn\;C:\Program Files (x86)\Microsoft SQL Server\110\DTS\Binn\;C:\Program Files\Microsoft SQL Server\110\DTS\Binn\;C:\Program Files\apache-maven-3.6.3\bin;E:\AndroidSdk\platform-tools\;E:\AndroidSdk\tools;C:\Program Files\dotnet\;C:\Program Files\Microsoft SQL Server\130\Tools\Binn\;C:\Program Files\Microsoft SQL Server\Client SDK\ODBC\170\Tools\Binn\;C:\Program Files (x86)\Microsoft Emulator Manager\1.0\;C:\Users\Dragan\AppData\Local\Mozilla Firefox\firefox;E:\xampp\php;C:\ProgramData\ComposerSetup\bin;E:\Program Files\nodejs\;C:\Program Files\Git\cmd;C:\Users\Dragan\AppData\Local\Programs\Python\Python39\Scripts\;C:\Users\Dragan\AppData\Local\Programs\Python\Python39\;C:\Users\Dragan\AppData\Local\Programs\Python\Python36-32\Scripts\;C:\Users\Dragan\AppData\Local\
USERNAME=Dragan
OS=Windows_NT
PROCESSOR_IDENTIFIER=Intel64 Family 6 Model 58 Stepping 9, GenuineIntel



---------------  S Y S T E M  ---------------

OS: Windows 8.1 , 64 bit Build 9600 (6.3.9600.19538)

CPU:total 2 (initial active 2) (2 cores per cpu, 1 threads per core) family 6 model 58 stepping 9 microcode 0x1b, cmov, cx8, fxsr, mmx, sse, sse2, sse3, ssse3, sse4.1, sse4.2, popcnt, clmul, erms, tsc, tscinvbit, tscinv

Memory: 4k page, system-wide physical 7773M (1214M free)
TotalPageFile size 10845M (AvailPageFile size 42M)
current process WorkingSet (physical memory assigned to process): 9M, peak: 9M
current process commit charge ("private bytes"): 47M, peak: 169M

vm_info: Java HotSpot(TM) 64-Bit Server VM (11.0.10+8-LTS-162) for windows-amd64 JRE (11.0.10+8-LTS-162), built on Dec  8 2020 16:32:57 by "mach5one" with MS VC++ 15.9 (VS2017)

END.
